0 1 64.669 0.0003062973489751122 0
0 1 7.159 0.000312701646849516 1
0 1 7.18 0.0003065958066733701 2
0 1 7.983 0.00030156748696564276 3
0 1 1.586 0.00030293311914929175 4
0 1 0.203 0.0003048194611186362 5
0 1 25.48 0.0003166366612066079 6
0 1 33.884 0.0003018129266711324 7
0 1 19.149 0.0003090479065182524 8
0 1 1.113 0.00031937512565093264 9
1 0 1.987 0.0 0
1 0 0.16 0.0 1
1 2 0.049 0.001068370343094991 2
1 2 0.681 0.0010675703150891014 3
1 2 0.15 0.0010202642882858575 4
1 2 0.052 0.001007615118801573 5
1 0 0.293 0.0 6
1 2 0.052 0.0010485977143108536 7
1 0 0.186 0.0 8
1 0 0.24 0.0 9
2 1 0.054 0.0002859175193817941 0
2 1 0.062 0.000288554783357262 1
2 1 0.136 0.000299709805660869 2
2 3 0.066 0.0030074022124355485 3
2 1 0.061 0.00028038353698298357 4
2 1 0.071 0.00029912768456829777 5
2 3 0.195 0.0030452640170720788 6
2 1 0.093 0.0002938461076469659 7
2 1 0.277 0.0002992867239259671 8
2 3 0.119 0.0031868266578894706 9
3 2 0.587 0.0009899134857745523 0
3 2 0.533 0.0009884101743205319 1
3 2 0.393 0.0009876401123540992 2
3 2 24.019 0.0009773065609699708 3
3 2 0.363 0.0009938963342048896 4
3 2 0.787 0.0009416712813949566 5
3 2 39.908 0.0009831659574397124 6
3 2 0.213 0.0009467748972806355 7
3 2 70.758 0.0009828719782675802 8
3 4 0.058 0.010594815440323339 9
4 3 0.069 0.0029837954889143214 0
4 3 0.018 0.0029176875984082765 1
4 3 0.013 0.002994749795435771 2
4 3 0.012 0.0029318508984672773 3
4 3 0.145 0.0029928833969717697 4
4 3 0.062 0.002966286535049146 5
4 3 0.017 0.0029689623235906906 6
4 5 0.007 0.03855988955260616 7
4 3 0.014 0.0029284393346279618 8
4 3 0.082 0.002993799779266044 9
5 4 0.062 0.00854906131785025 0
5 4 0.014 0.009570558473155036 1
5 6 0.017 0.10986329795184695 2
5 4 0.051 0.009625774558768313 3
5 4 0.031 0.00906287379718099 4
5 4 0.014 0.009110871167862307 5
5 6 0.006 0.10021707833059532 6
5 4 0.044 0.008960963415248756 7
5 4 0.041 0.00847896585887322 8
5 4 0.015 0.009690603017148594 9
6 5 0.012 0.027021995165980688 0
6 5 0.018 0.026256662377170607 1
6 5 0.016 0.028846339520666075 2
6 5 0.017 0.026908502673657096 3
6 5 0.029 0.029956633098339864 4
6 5 0.019 0.028848785155440176 5
6 7 0.022 0.514925258224312 6
6 7 0.039 0.5036019322717505 7
6 5 0.122 0.0291816766749116 8
6 5 0.011 0.027547418937496876 9
7 8 0.063 0.9105520990714653 0
7 6 0.127 0.09328695974683648 1
7 6 0.057 0.09013613595067145 2
7 6 0.011 0.09099902772787823 3
7 8 0.018 0.9089750128042607 4
7 8 0.012 0.9182483067584052 5
7 6 0.066 0.09489096309500504 6
7 8 0.037 0.904856791021111 7
7 8 0.037 0.9074648918196712 8
7 6 0.056 0.0967397384610611 9
8 9 0.017 0.9814391971877796 0
8 9 0.149 0.9819053013007728 1
8 9 0.03 0.9817486147157352 2
8 9 0.06 0.9821499268342657 3
8 9 0.013 0.9803725410478303 4
8 9 0.012 0.9813692187468809 5
8 9 0.012 0.9839727632392251 6
8 9 0.011 0.9822068321354185 7
8 7 0.016 0.49580558322947144 8
8 9 0.059 0.9815338625620466 9
9 10 0.108 0.9950585430217295 0
9 10 0.007 0.9950801115854658 1
9 10 0.013 0.995082920839625 2
9 10 0.009 0.9950761391804395 3
9 10 0.039 0.9953055995234493 4
9 10 0.023 0.9951211606609245 5
9 10 0.033 0.9953564932547442 6
9 10 0.022 0.9950033216073928 7
9 10 0.022 0.995581479688537 8
9 10 0.029 0.9950622191950975 9
10 11 0.256 1.0 0
10 11 0.168 1.0 1
10 11 0.235 1.0 2
10 11 0.253 1.0 3
10 11 0.338 1.0 4
10 11 0.435 1.0 5
10 11 0.267 1.0 6
10 11 0.134 1.0 7
10 11 0.125 1.0 8
10 9 0.048 0.9788493905783752 9
11 10 2.162 0.9945202260140612 0
11 10 1.654 0.9943700559700297 1
11 10 6.884 0.9947948090526807 2
11 10 2.225 0.9949298905946321 3
11 10 5.477 0.9948479146234915 4
11 10 2.421 0.9948972216874261 5
11 10 9.681 0.9948931262889948 6
11 10 10.096 0.9948862090447402 7
11 10 10.176 0.994910101643939 8
11 10 7.401 0.9947381261200201 9
