0 1 153.892 3.127734578452738e-5 0
0 1 58.52 3.201459474668091e-5 1
0 1 0.89 3.0071618826092112e-5 2
0 1 0.176 3.33028140430365e-5 3
0 1 29.426 3.197116516484801e-5 4
0 1 4.429 3.1777311806307015e-5 5
0 1 0.694 3.1715311723511645e-5 6
0 1 132.785 3.4330596673243405e-5 7
0 1 132.618 3.07298399016653e-5 8
0 1 7.431 3.8776242245298524e-5 9
1 2 0.333 0.0003022143482299492 0
1 0 0.035 2.8312054716011953e-15 1
1 2 0.095 0.00031900066178634724 2
1 2 0.54 0.0003016354166268529 3
1 2 0.078 0.00031126119927335564 4
1 2 0.133 0.00030735435713772355 5
1 2 0.237 0.00030432136772964966 6
1 2 0.096 0.00030003537816617365 7
1 2 0.096 0.000302332961499139 8
1 0 0.234 1.0983919644413867e-21 9
2 3 3.012 0.0030340840591473106 0
2 1 0.013 2.2973453989393728e-5 1
2 1 0.131 1.7776271239439628e-5 2
2 1 0.077 2.265841202737502e-5 3
2 1 0.336 2.3547637763691186e-5 4
2 3 0.347 0.0031174581962617252 5
2 3 0.28 0.0030829066068999195 6
2 1 0.019 2.939111981435342e-5 7
2 1 0.359 2.68419190842381e-5 8
2 1 0.221 2.8166839380778186e-5 9
3 2 0.427 0.00029523686975880045 0
3 2 0.43 0.0002993920559419142 1
3 4 0.202 0.030155107810869723 2
3 4 1.862 0.03021808200836367 3
3 2 1.903 0.00029804399957017436 4
3 4 1.315 0.030054734380810095 5
3 4 0.641 0.030421583252032303 6
3 2 6.671 0.00029773409183248445 7
3 2 0.9 0.0002951888732937658 8
3 2 1.417 0.0002983926418548732 9
4 3 17.318 0.00296255169939159 0
4 3 0.346 0.002968877412846172 1
4 5 6.733 0.10051142685690455 2
4 5 3.93 0.10024478668237627 3
4 3 1.54 0.0029998111872611257 4
4 3 37.123 0.0028734840983135916 5
4 3 1.026 0.002937087608728576 6
4 3 5.043 0.0029154192291756353 7
4 5 4.522 0.10003037961941269 8
4 3 2.652 0.002939803617696334 9
5 6 3.744 0.3004632529771486 0
5 4 3.903 0.02997351052049364 1
5 4 5.413 0.029619885688460725 2
5 6 5.011 0.30026623737188957 3
5 6 1.571 0.30351706499267994 4
5 4 2.202 0.02972568883973398 5
5 6 16.974 0.3006614848315853 6
5 6 0.911 0.30042135660000385 7
5 6 11.988 0.30052913487387073 8
5 6 4.001 0.3006683105523923 9
6 7 21.801 0.5020849013965658 0
6 7 27.345 0.5014942016042676 1
6 7 5.516 0.50019968213879 2
6 7 22.038 0.5003903849898774 3
6 7 9.476 0.5011966531842582 4
6 5 10.264 0.09904018517215887 5
6 7 4.604 0.5005060203192264 6
6 7 13.43 0.5009481139735412 7
6 7 1.736 0.5000072969867598 8
6 5 3.461 0.09982203668823066 9
7 8 0.438 0.6011432899189219 0
7 8 2.493 0.6004980137752854 1
7 6 3.152 0.2989476168532209 2
7 8 0.458 0.6010943488056796 3
7 6 0.283 0.2993256546162779 4
7 8 2.994 0.6008542665713189 5
7 8 0.397 0.6000149035383492 6
7 8 0.924 0.6005294060638763 7
7 8 3.934 0.6003776570252897 8
7 8 0.446 0.6008446313699566 9
8 9 0.112 0.7001136208555684 0
8 9 0.404 0.7004870717110392 1
8 7 0.398 0.49910137994922843 2
8 9 0.187 0.7003548536784711 3
8 9 1.999 0.7003645678342146 4
8 7 0.534 0.49926970712400737 5
8 7 0.312 0.499776192659636 6
8 9 0.348 0.7000411090198038 7
8 7 1.546 0.4990439121188833 8
8 7 1.431 0.49968486169078524 9
9 10 0.712 0.8003282927862351 0
9 8 0.447 0.5997018640394289 1
9 8 0.46 0.5996544420414252 2
9 8 0.675 0.5999373182727138 3
9 10 0.549 0.8002329455154819 4
9 10 0.757 0.800903941141698 5
9 8 1.087 0.59889945649369 6
9 8 1.584 0.5993993549209807 7
9 8 0.277 0.5999632986646369 8
9 10 0.884 0.8001347970026912 9
10 11 1.852 0.9000777084519995 0
10 11 1.472 0.9008687613439254 1
10 9 0.576 0.6989246913521288 2
10 9 0.339 0.6996013900155607 3
10 9 0.087 0.6997478399637818 4
10 11 0.562 0.9005132900813163 5
10 9 0.114 0.6999239957978036 6
10 11 0.529 0.9002622796659476 7
10 11 0.201 0.9002437860179388 8
10 9 0.575 0.6996071445407896 9
11 10 2.746 0.7998055743721464 0
11 10 0.673 0.7999721684430668 1
11 10 0.175 0.7989575163844477 2
11 12 0.498 1.0 3
11 10 0.789 0.7998916265133696 4
11 10 0.252 0.7990213435639861 5
11 10 1.38 0.7998024275739215 6
11 12 6.053 1.0 7
11 10 2.941 0.7991613993292779 8
11 10 0.862 0.7993068653873812 9
12 11 4.667 0.8997412534706318 0
12 11 58.885 0.898847678981275 1
12 11 11.885 0.8988309396871431 2
12 11 13.32 0.8992903545335672 3
12 11 370.674 0.8997358873440193 4
12 11 1.275 0.8975880499702336 5
12 11 5925.437 0.8992610612553492 6
12 11 26.107 0.8986831113858043 7
12 11 12.715 0.899007579379204 8
12 11 88.907 0.899617131684381 9
