0 1 0.253 3.1934867985579986e-5 0
0 1 2.641 3.142656852406306e-5 1
0 1 23.307 3.0266390439938655e-5 2
0 1 100.468 3.7956337229372133e-5 3
0 1 77.5 3.089726520348171e-5 4
0 1 85.73 3.1656909655096735e-5 5
0 1 12.726 3.02143614181658e-5 6
0 1 94.684 3.676612318521727e-5 7
0 1 238.914 3.0364654463521997e-5 8
0 1 33.811 3.174424216629955e-5 9
1 0 1.393 3.711924825084761e-17 0
1 0 0.473 9.074019328845157e-17 1
1 0 0.365 1.932594751273052e-13 2
1 0 0.646 5.843254685876415e-14 3
1 0 14.429 2.392905010246081e-16 4
1 0 0.661 5.656705413847593e-16 5
1 0 0.234 2.2788881839448693e-17 6
1 2 0.297 0.000301915797786558 7
1 0 0.623 8.828881255851487e-17 8
1 0 0.802 5.5370353227114744e-18 9
2 1 1.379 2.3902567652938763e-5 0
2 1 12.138 2.7325526680915603e-5 1
2 1 0.15 2.9456491383262873e-5 2
2 1 4.332 2.921852792331128e-5 3
2 1 1.454 2.8180952085070215e-5 4
2 1 0.816 2.969818249807074e-5 5
2 1 3.245 2.9903606957940615e-5 6
2 3 4.251 0.0030109152636645545 7
2 3 1.516 0.0030363782529470714 8
2 3 0.713 0.003003777908819775 9
3 2 1.339 0.0002971344155722809 0
3 4 7.785 0.030305749310606325 1
3 2 3.748 0.000287166132766974 2
3 2 2.51 0.00029789843913255947 3
3 2 13.375 0.000296389844276338 4
3 2 0.932 0.0002952286071110148 5
3 2 15.175 0.0002946520580819675 6
3 2 21.552 0.0002958389271299864 7
3 2 4.984 0.00029573205404265104 8
3 4 60.872 0.030016148312693624 9
4 3 21.781 0.002994478027934855 0
4 3 27.677 0.0029990618499962825 1
4 5 7.012 0.10033933320626116 2
4 5 18.141 0.10037164936865356 3
4 3 26.7 0.0029811708458033883 4
4 5 9.379 0.10052551027361675 5
4 5 4.402 0.10042545775270136 6
4 5 29.995 0.10103396138202028 7
4 3 34.667 0.0029655031198111016 8
4 5 30.126 0.10003062783173537 9
5 6 5.705 0.30268653874254303 0
5 4 7.27 0.029999162631707255 1
5 4 31.4 0.029859642795024413 2
5 6 8.018 0.3010972132952727 3
5 6 1.41 0.30186642882169834 4
5 6 6.751 0.30223528638316816 5
5 4 2.789 0.02994142892065164 6
5 6 3.071 0.30087177039887186 7
5 4 2.361 0.029939695902835725 8
5 4 10.412 0.029906711635212024 9
6 7 2.875 0.5015635444389545 0
6 7 0.592 0.5023380876486349 1
6 5 1.936 0.09973727250918087 2
6 7 0.507 0.5006553535242269 3
6 7 4.434 0.9999888296640517 4
6 7 5.455 0.6470787347827435 5
6 7 0.089 0.5023459432112966 6
6 7 0.235 0.5004848612707764 7
6 7 0.449 0.5003394423837944 8
6 7 0.248 0.5001507412394778 9
7 6 0.21 0.2975732350414424 0
7 8 0.048 0.7000663827064976 1
7 8 0.344 0.7034587631967895 2
7 8 0.793 0.9999999739400025 3
7 8 1.889 0.7004851229423011 4
7 8 0.367 0.7005097915282117 5
7 6 0.083 0.295547695452141 6
7 8 1.441 0.7035073469155507 7
7 6 1.296 0.29732740020073745 8
7 8 0.615 0.7004740377097063 9
8 7 2.699 0.4971965083171772 0
8 7 0.066 0.49880759020926146 1
8 7 1.495 0.4987346777142552 2
8 7 0.887 0.4996289286664349 3
8 9 2.773 0.9010856840437715 4
8 7 0.135 0.49722539898567064 5
8 7 0.738 0.49966488678909565 6
8 7 0.631 0.498057956857615 7
8 9 0.724 0.9999999994661355 8
8 7 2.179 0.49866268659899227 9
9 10 2.539 0.9802227359862028 0
9 8 0.22 0.6946439411097326 1
9 10 0.298 0.9999999999999959 2
9 10 0.164 0.9999999999981929 3
9 10 0.124 0.9999999999793523 4
9 10 4.852 0.9809858121348523 5
9 10 6.265 1.0 6
9 10 1.214 0.9955717589568603 7
9 8 1.987 0.6995863462417545 8
9 10 0.289 0.9999999999967775 9
10 9 0.444 0.8986843806798585 0
10 11 0.406 1.0 1
10 11 0.083 0.9950523142977624 2
10 11 0.499 0.995073579353158 3
10 11 0.076 0.9950649219581288 4
10 11 0.219 0.9951594495963075 5
10 11 0.335 0.9951575651527846 6
10 11 0.692 0.9950089491415567 7
10 9 0.231 0.8999619972694822 8
10 11 0.323 0.9954785599261124 9
11 10 1.637 0.9794152577768002 0
11 10 0.565 0.9798065389479482 1
11 10 1.214 0.9799393760824855 2
11 12 1.723 1.0 3
11 10 0.106 0.9797746005366362 4
11 10 5.174 0.9796219124609238 5
11 12 0.971 1.0 6
11 10 0.762 0.979787077254765 7
11 10 0.494 0.979845792776482 8
11 12 0.539 1.0 9
12 11 139.257 0.9949097714699069 0
12 11 152.24 0.9944572554476592 1
12 11 4706.014 0.8101590650972279 2
12 11 1136.507 0.994851048211943 3
12 11 19.42 0.9948984130961944 4
12 11 629.435 0.994624775657574 5
12 11 2.062 0.9944972068875346 6
12 11 116.586 0.9947839775135662 7
12 11 377.913 0.9949358150922604 8
12 11 64.529 0.9949314075004566 9
